<?xml version="1.0" encoding="UTF-8"?>
<testsuite xmlns:xsi="http://www.w3.org/2001/XMLSchema-instance" xsi:noNamespaceSchemaLocation="https://maven.apache.org/surefire/maven-surefire-plugin/xsd/surefire-test-report.xsd" name="com.chen.SudokuThreadsApplicationTests" time="1.95" tests="1" errors="0" skipped="0" failures="0">
  <properties>
    <property name="sun.desktop" value="windows"/>
    <property name="awt.toolkit" value="sun.awt.windows.WToolkit"/>
    <property name="file.encoding.pkg" value="sun.io"/>
    <property name="java.specification.version" value="1.8"/>
    <property name="sun.cpu.isalist" value="amd64"/>
    <property name="sun.jnu.encoding" value="GBK"/>
    <property name="java.class.path" value="D:\myProject\sudoku-threads\target\test-classes;D:\myProject\sudoku-threads\target\classes;D:\Environment\apache-maven-3.8.6\maven-repo\org\springframework\boot\spring-boot-starter-web\2.7.15\spring-boot-starter-web-2.7.15.jar;D:\Environment\apache-maven-3.8.6\maven-repo\org\springframework\boot\spring-boot-starter\2.7.15\spring-boot-starter-2.7.15.jar;D:\Environment\apache-maven-3.8.6\maven-repo\org\springframework\boot\spring-boot\2.7.15\spring-boot-2.7.15.jar;D:\Environment\apache-maven-3.8.6\maven-repo\org\springframework\boot\spring-boot-autoconfigure\2.7.15\spring-boot-autoconfigure-2.7.15.jar;D:\Environment\apache-maven-3.8.6\maven-repo\org\springframework\boot\spring-boot-starter-logging\2.7.15\spring-boot-starter-logging-2.7.15.jar;D:\Environment\apache-maven-3.8.6\maven-repo\ch\qos\logback\logback-classic\1.2.12\logback-classic-1.2.12.jar;D:\Environment\apache-maven-3.8.6\maven-repo\ch\qos\logback\logback-core\1.2.12\logback-core-1.2.12.jar;D:\Environment\apache-maven-3.8.6\maven-repo\org\apache\logging\log4j\log4j-to-slf4j\2.17.2\log4j-to-slf4j-2.17.2.jar;D:\Environment\apache-maven-3.8.6\maven-repo\org\apache\logging\log4j\log4j-api\2.17.2\log4j-api-2.17.2.jar;D:\Environment\apache-maven-3.8.6\maven-repo\org\slf4j\jul-to-slf4j\1.7.36\jul-to-slf4j-1.7.36.jar;D:\Environment\apache-maven-3.8.6\maven-repo\jakarta\annotation\jakarta.annotation-api\1.3.5\jakarta.annotation-api-1.3.5.jar;D:\Environment\apache-maven-3.8.6\maven-repo\org\yaml\snakeyaml\1.30\snakeyaml-1.30.jar;D:\Environment\apache-maven-3.8.6\maven-repo\org\springframework\boot\spring-boot-starter-json\2.7.15\spring-boot-starter-json-2.7.15.jar;D:\Environment\apache-maven-3.8.6\maven-repo\com\fasterxml\jackson\core\jackson-databind\2.13.5\jackson-databind-2.13.5.jar;D:\Environment\apache-maven-3.8.6\maven-repo\com\fasterxml\jackson\core\jackson-annotations\2.13.5\jackson-annotations-2.13.5.jar;D:\Environment\apache-maven-3.8.6\maven-repo\com\fasterxml\jackson\core\jackson-core\2.13.5\jackson-core-2.13.5.jar;D:\Environment\apache-maven-3.8.6\maven-repo\com\fasterxml\jackson\datatype\jackson-datatype-jdk8\2.13.5\jackson-datatype-jdk8-2.13.5.jar;D:\Environment\apache-maven-3.8.6\maven-repo\com\fasterxml\jackson\datatype\jackson-datatype-jsr310\2.13.5\jackson-datatype-jsr310-2.13.5.jar;D:\Environment\apache-maven-3.8.6\maven-repo\com\fasterxml\jackson\module\jackson-module-parameter-names\2.13.5\jackson-module-parameter-names-2.13.5.jar;D:\Environment\apache-maven-3.8.6\maven-repo\org\springframework\boot\spring-boot-starter-tomcat\2.7.15\spring-boot-starter-tomcat-2.7.15.jar;D:\Environment\apache-maven-3.8.6\maven-repo\org\apache\tomcat\embed\tomcat-embed-core\9.0.79\tomcat-embed-core-9.0.79.jar;D:\Environment\apache-maven-3.8.6\maven-repo\org\apache\tomcat\embed\tomcat-embed-el\9.0.79\tomcat-embed-el-9.0.79.jar;D:\Environment\apache-maven-3.8.6\maven-repo\org\apache\tomcat\embed\tomcat-embed-websocket\9.0.79\tomcat-embed-websocket-9.0.79.jar;D:\Environment\apache-maven-3.8.6\maven-repo\org\springframework\spring-web\5.3.29\spring-web-5.3.29.jar;D:\Environment\apache-maven-3.8.6\maven-repo\org\springframework\spring-beans\5.3.29\spring-beans-5.3.29.jar;D:\Environment\apache-maven-3.8.6\maven-repo\org\springframework\spring-webmvc\5.3.29\spring-webmvc-5.3.29.jar;D:\Environment\apache-maven-3.8.6\maven-repo\org\springframework\spring-aop\5.3.29\spring-aop-5.3.29.jar;D:\Environment\apache-maven-3.8.6\maven-repo\org\springframework\spring-context\5.3.29\spring-context-5.3.29.jar;D:\Environment\apache-maven-3.8.6\maven-repo\org\springframework\spring-expression\5.3.29\spring-expression-5.3.29.jar;D:\Environment\apache-maven-3.8.6\maven-repo\org\projectlombok\lombok\1.18.28\lombok-1.18.28.jar;D:\Environment\apache-maven-3.8.6\maven-repo\org\springframework\boot\spring-boot-starter-test\2.7.15\spring-boot-starter-test-2.7.15.jar;D:\Environment\apache-maven-3.8.6\maven-repo\org\springframework\boot\spring-boot-test\2.7.15\spring-boot-test-2.7.15.jar;D:\Environment\apache-maven-3.8.6\maven-repo\org\springframework\boot\spring-boot-test-autoconfigure\2.7.15\spring-boot-test-autoconfigure-2.7.15.jar;D:\Environment\apache-maven-3.8.6\maven-repo\com\jayway\jsonpath\json-path\2.7.0\json-path-2.7.0.jar;D:\Environment\apache-maven-3.8.6\maven-repo\net\minidev\json-smart\2.4.11\json-smart-2.4.11.jar;D:\Environment\apache-maven-3.8.6\maven-repo\net\minidev\accessors-smart\2.4.11\accessors-smart-2.4.11.jar;D:\Environment\apache-maven-3.8.6\maven-repo\org\ow2\asm\asm\9.3\asm-9.3.jar;D:\Environment\apache-maven-3.8.6\maven-repo\org\slf4j\slf4j-api\1.7.36\slf4j-api-1.7.36.jar;D:\Environment\apache-maven-3.8.6\maven-repo\jakarta\xml\bind\jakarta.xml.bind-api\2.3.3\jakarta.xml.bind-api-2.3.3.jar;D:\Environment\apache-maven-3.8.6\maven-repo\jakarta\activation\jakarta.activation-api\1.2.2\jakarta.activation-api-1.2.2.jar;D:\Environment\apache-maven-3.8.6\maven-repo\org\assertj\assertj-core\3.22.0\assertj-core-3.22.0.jar;D:\Environment\apache-maven-3.8.6\maven-repo\org\hamcrest\hamcrest\2.2\hamcrest-2.2.jar;D:\Environment\apache-maven-3.8.6\maven-repo\org\junit\jupiter\junit-jupiter\5.8.2\junit-jupiter-5.8.2.jar;D:\Environment\apache-maven-3.8.6\maven-repo\org\junit\jupiter\junit-jupiter-api\5.8.2\junit-jupiter-api-5.8.2.jar;D:\Environment\apache-maven-3.8.6\maven-repo\org\opentest4j\opentest4j\1.2.0\opentest4j-1.2.0.jar;D:\Environment\apache-maven-3.8.6\maven-repo\org\junit\platform\junit-platform-commons\1.8.2\junit-platform-commons-1.8.2.jar;D:\Environment\apache-maven-3.8.6\maven-repo\org\apiguardian\apiguardian-api\1.1.2\apiguardian-api-1.1.2.jar;D:\Environment\apache-maven-3.8.6\maven-repo\org\junit\jupiter\junit-jupiter-params\5.8.2\junit-jupiter-params-5.8.2.jar;D:\Environment\apache-maven-3.8.6\maven-repo\org\junit\jupiter\junit-jupiter-engine\5.8.2\junit-jupiter-engine-5.8.2.jar;D:\Environment\apache-maven-3.8.6\maven-repo\org\junit\platform\junit-platform-engine\1.8.2\junit-platform-engine-1.8.2.jar;D:\Environment\apache-maven-3.8.6\maven-repo\org\mockito\mockito-core\4.5.1\mockito-core-4.5.1.jar;D:\Environment\apache-maven-3.8.6\maven-repo\net\bytebuddy\byte-buddy\1.12.23\byte-buddy-1.12.23.jar;D:\Environment\apache-maven-3.8.6\maven-repo\net\bytebuddy\byte-buddy-agent\1.12.23\byte-buddy-agent-1.12.23.jar;D:\Environment\apache-maven-3.8.6\maven-repo\org\objenesis\objenesis\3.2\objenesis-3.2.jar;D:\Environment\apache-maven-3.8.6\maven-repo\org\mockito\mockito-junit-jupiter\4.5.1\mockito-junit-jupiter-4.5.1.jar;D:\Environment\apache-maven-3.8.6\maven-repo\org\skyscreamer\jsonassert\1.5.1\jsonassert-1.5.1.jar;D:\Environment\apache-maven-3.8.6\maven-repo\com\vaadin\external\google\android-json\0.0.20131108.vaadin1\android-json-0.0.20131108.vaadin1.jar;D:\Environment\apache-maven-3.8.6\maven-repo\org\springframework\spring-core\5.3.29\spring-core-5.3.29.jar;D:\Environment\apache-maven-3.8.6\maven-repo\org\springframework\spring-jcl\5.3.29\spring-jcl-5.3.29.jar;D:\Environment\apache-maven-3.8.6\maven-repo\org\springframework\spring-test\5.3.29\spring-test-5.3.29.jar;D:\Environment\apache-maven-3.8.6\maven-repo\org\xmlunit\xmlunit-core\2.9.1\xmlunit-core-2.9.1.jar;"/>
    <property name="java.vm.vendor" value="Oracle Corporation"/>
    <property name="sun.arch.data.model" value="64"/>
    <property name="user.variant" value=""/>
    <property name="java.vendor.url" value="http://java.oracle.com/"/>
    <property name="user.timezone" value="Asia/Shanghai"/>
    <property name="java.vm.specification.version" value="1.8"/>
    <property name="os.name" value="Windows 11"/>
    <property name="user.country" value="CN"/>
    <property name="sun.java.launcher" value="SUN_STANDARD"/>
    <property name="sun.boot.library.path" value="C:\Program Files\Java\jdk1.8.0_351\jre\bin"/>
    <property name="sun.java.command" value="C:\Users\20956\AppData\Local\Temp\surefire2800631835163024194\surefirebooter5626837559418122213.jar C:\Users\20956\AppData\Local\Temp\surefire2800631835163024194 2023-09-26T13-51-24_219-jvmRun1 surefire5949486579504850327tmp surefire_07830682456885223344tmp"/>
    <property name="surefire.test.class.path" value="D:\myProject\sudoku-threads\target\test-classes;D:\myProject\sudoku-threads\target\classes;D:\Environment\apache-maven-3.8.6\maven-repo\org\springframework\boot\spring-boot-starter-web\2.7.15\spring-boot-starter-web-2.7.15.jar;D:\Environment\apache-maven-3.8.6\maven-repo\org\springframework\boot\spring-boot-starter\2.7.15\spring-boot-starter-2.7.15.jar;D:\Environment\apache-maven-3.8.6\maven-repo\org\springframework\boot\spring-boot\2.7.15\spring-boot-2.7.15.jar;D:\Environment\apache-maven-3.8.6\maven-repo\org\springframework\boot\spring-boot-autoconfigure\2.7.15\spring-boot-autoconfigure-2.7.15.jar;D:\Environment\apache-maven-3.8.6\maven-repo\org\springframework\boot\spring-boot-starter-logging\2.7.15\spring-boot-starter-logging-2.7.15.jar;D:\Environment\apache-maven-3.8.6\maven-repo\ch\qos\logback\logback-classic\1.2.12\logback-classic-1.2.12.jar;D:\Environment\apache-maven-3.8.6\maven-repo\ch\qos\logback\logback-core\1.2.12\logback-core-1.2.12.jar;D:\Environment\apache-maven-3.8.6\maven-repo\org\apache\logging\log4j\log4j-to-slf4j\2.17.2\log4j-to-slf4j-2.17.2.jar;D:\Environment\apache-maven-3.8.6\maven-repo\org\apache\logging\log4j\log4j-api\2.17.2\log4j-api-2.17.2.jar;D:\Environment\apache-maven-3.8.6\maven-repo\org\slf4j\jul-to-slf4j\1.7.36\jul-to-slf4j-1.7.36.jar;D:\Environment\apache-maven-3.8.6\maven-repo\jakarta\annotation\jakarta.annotation-api\1.3.5\jakarta.annotation-api-1.3.5.jar;D:\Environment\apache-maven-3.8.6\maven-repo\org\yaml\snakeyaml\1.30\snakeyaml-1.30.jar;D:\Environment\apache-maven-3.8.6\maven-repo\org\springframework\boot\spring-boot-starter-json\2.7.15\spring-boot-starter-json-2.7.15.jar;D:\Environment\apache-maven-3.8.6\maven-repo\com\fasterxml\jackson\core\jackson-databind\2.13.5\jackson-databind-2.13.5.jar;D:\Environment\apache-maven-3.8.6\maven-repo\com\fasterxml\jackson\core\jackson-annotations\2.13.5\jackson-annotations-2.13.5.jar;D:\Environment\apache-maven-3.8.6\maven-repo\com\fasterxml\jackson\core\jackson-core\2.13.5\jackson-core-2.13.5.jar;D:\Environment\apache-maven-3.8.6\maven-repo\com\fasterxml\jackson\datatype\jackson-datatype-jdk8\2.13.5\jackson-datatype-jdk8-2.13.5.jar;D:\Environment\apache-maven-3.8.6\maven-repo\com\fasterxml\jackson\datatype\jackson-datatype-jsr310\2.13.5\jackson-datatype-jsr310-2.13.5.jar;D:\Environment\apache-maven-3.8.6\maven-repo\com\fasterxml\jackson\module\jackson-module-parameter-names\2.13.5\jackson-module-parameter-names-2.13.5.jar;D:\Environment\apache-maven-3.8.6\maven-repo\org\springframework\boot\spring-boot-starter-tomcat\2.7.15\spring-boot-starter-tomcat-2.7.15.jar;D:\Environment\apache-maven-3.8.6\maven-repo\org\apache\tomcat\embed\tomcat-embed-core\9.0.79\tomcat-embed-core-9.0.79.jar;D:\Environment\apache-maven-3.8.6\maven-repo\org\apache\tomcat\embed\tomcat-embed-el\9.0.79\tomcat-embed-el-9.0.79.jar;D:\Environment\apache-maven-3.8.6\maven-repo\org\apache\tomcat\embed\tomcat-embed-websocket\9.0.79\tomcat-embed-websocket-9.0.79.jar;D:\Environment\apache-maven-3.8.6\maven-repo\org\springframework\spring-web\5.3.29\spring-web-5.3.29.jar;D:\Environment\apache-maven-3.8.6\maven-repo\org\springframework\spring-beans\5.3.29\spring-beans-5.3.29.jar;D:\Environment\apache-maven-3.8.6\maven-repo\org\springframework\spring-webmvc\5.3.29\spring-webmvc-5.3.29.jar;D:\Environment\apache-maven-3.8.6\maven-repo\org\springframework\spring-aop\5.3.29\spring-aop-5.3.29.jar;D:\Environment\apache-maven-3.8.6\maven-repo\org\springframework\spring-context\5.3.29\spring-context-5.3.29.jar;D:\Environment\apache-maven-3.8.6\maven-repo\org\springframework\spring-expression\5.3.29\spring-expression-5.3.29.jar;D:\Environment\apache-maven-3.8.6\maven-repo\org\projectlombok\lombok\1.18.28\lombok-1.18.28.jar;D:\Environment\apache-maven-3.8.6\maven-repo\org\springframework\boot\spring-boot-starter-test\2.7.15\spring-boot-starter-test-2.7.15.jar;D:\Environment\apache-maven-3.8.6\maven-repo\org\springframework\boot\spring-boot-test\2.7.15\spring-boot-test-2.7.15.jar;D:\Environment\apache-maven-3.8.6\maven-repo\org\springframework\boot\spring-boot-test-autoconfigure\2.7.15\spring-boot-test-autoconfigure-2.7.15.jar;D:\Environment\apache-maven-3.8.6\maven-repo\com\jayway\jsonpath\json-path\2.7.0\json-path-2.7.0.jar;D:\Environment\apache-maven-3.8.6\maven-repo\net\minidev\json-smart\2.4.11\json-smart-2.4.11.jar;D:\Environment\apache-maven-3.8.6\maven-repo\net\minidev\accessors-smart\2.4.11\accessors-smart-2.4.11.jar;D:\Environment\apache-maven-3.8.6\maven-repo\org\ow2\asm\asm\9.3\asm-9.3.jar;D:\Environment\apache-maven-3.8.6\maven-repo\org\slf4j\slf4j-api\1.7.36\slf4j-api-1.7.36.jar;D:\Environment\apache-maven-3.8.6\maven-repo\jakarta\xml\bind\jakarta.xml.bind-api\2.3.3\jakarta.xml.bind-api-2.3.3.jar;D:\Environment\apache-maven-3.8.6\maven-repo\jakarta\activation\jakarta.activation-api\1.2.2\jakarta.activation-api-1.2.2.jar;D:\Environment\apache-maven-3.8.6\maven-repo\org\assertj\assertj-core\3.22.0\assertj-core-3.22.0.jar;D:\Environment\apache-maven-3.8.6\maven-repo\org\hamcrest\hamcrest\2.2\hamcrest-2.2.jar;D:\Environment\apache-maven-3.8.6\maven-repo\org\junit\jupiter\junit-jupiter\5.8.2\junit-jupiter-5.8.2.jar;D:\Environment\apache-maven-3.8.6\maven-repo\org\junit\jupiter\junit-jupiter-api\5.8.2\junit-jupiter-api-5.8.2.jar;D:\Environment\apache-maven-3.8.6\maven-repo\org\opentest4j\opentest4j\1.2.0\opentest4j-1.2.0.jar;D:\Environment\apache-maven-3.8.6\maven-repo\org\junit\platform\junit-platform-commons\1.8.2\junit-platform-commons-1.8.2.jar;D:\Environment\apache-maven-3.8.6\maven-repo\org\apiguardian\apiguardian-api\1.1.2\apiguardian-api-1.1.2.jar;D:\Environment\apache-maven-3.8.6\maven-repo\org\junit\jupiter\junit-jupiter-params\5.8.2\junit-jupiter-params-5.8.2.jar;D:\Environment\apache-maven-3.8.6\maven-repo\org\junit\jupiter\junit-jupiter-engine\5.8.2\junit-jupiter-engine-5.8.2.jar;D:\Environment\apache-maven-3.8.6\maven-repo\org\junit\platform\junit-platform-engine\1.8.2\junit-platform-engine-1.8.2.jar;D:\Environment\apache-maven-3.8.6\maven-repo\org\mockito\mockito-core\4.5.1\mockito-core-4.5.1.jar;D:\Environment\apache-maven-3.8.6\maven-repo\net\bytebuddy\byte-buddy\1.12.23\byte-buddy-1.12.23.jar;D:\Environment\apache-maven-3.8.6\maven-repo\net\bytebuddy\byte-buddy-agent\1.12.23\byte-buddy-agent-1.12.23.jar;D:\Environment\apache-maven-3.8.6\maven-repo\org\objenesis\objenesis\3.2\objenesis-3.2.jar;D:\Environment\apache-maven-3.8.6\maven-repo\org\mockito\mockito-junit-jupiter\4.5.1\mockito-junit-jupiter-4.5.1.jar;D:\Environment\apache-maven-3.8.6\maven-repo\org\skyscreamer\jsonassert\1.5.1\jsonassert-1.5.1.jar;D:\Environment\apache-maven-3.8.6\maven-repo\com\vaadin\external\google\android-json\0.0.20131108.vaadin1\android-json-0.0.20131108.vaadin1.jar;D:\Environment\apache-maven-3.8.6\maven-repo\org\springframework\spring-core\5.3.29\spring-core-5.3.29.jar;D:\Environment\apache-maven-3.8.6\maven-repo\org\springframework\spring-jcl\5.3.29\spring-jcl-5.3.29.jar;D:\Environment\apache-maven-3.8.6\maven-repo\org\springframework\spring-test\5.3.29\spring-test-5.3.29.jar;D:\Environment\apache-maven-3.8.6\maven-repo\org\xmlunit\xmlunit-core\2.9.1\xmlunit-core-2.9.1.jar;"/>
    <property name="sun.cpu.endian" value="little"/>
    <property name="user.home" value="C:\Users\20956"/>
    <property name="user.language" value="zh"/>
    <property name="java.specification.vendor" value="Oracle Corporation"/>
    <property name="java.home" value="C:\Program Files\Java\jdk1.8.0_351\jre"/>
    <property name="basedir" value="D:\myProject\sudoku-threads"/>
    <property name="file.separator" value="\"/>
    <property name="line.separator" value="&#10;"/>
    <property name="java.vm.specification.vendor" value="Oracle Corporation"/>
    <property name="java.specification.name" value="Java Platform API Specification"/>
    <property name="java.awt.graphicsenv" value="sun.awt.Win32GraphicsEnvironment"/>
    <property name="surefire.real.class.path" value="C:\Users\20956\AppData\Local\Temp\surefire2800631835163024194\surefirebooter5626837559418122213.jar"/>
    <property name="sun.boot.class.path" value="C:\Program Files\Java\jdk1.8.0_351\jre\lib\resources.jar;C:\Program Files\Java\jdk1.8.0_351\jre\lib\rt.jar;C:\Program Files\Java\jdk1.8.0_351\jre\lib\jsse.jar;C:\Program Files\Java\jdk1.8.0_351\jre\lib\jce.jar;C:\Program Files\Java\jdk1.8.0_351\jre\lib\charsets.jar;C:\Program Files\Java\jdk1.8.0_351\jre\lib\jfr.jar;C:\Program Files\Java\jdk1.8.0_351\jre\classes"/>
    <property name="user.script" value=""/>
    <property name="sun.management.compiler" value="HotSpot 64-Bit Tiered Compilers"/>
    <property name="java.runtime.version" value="1.8.0_351-b10"/>
    <property name="user.name" value="20956"/>
    <property name="path.separator" value=";"/>
    <property name="os.version" value="10.0"/>
    <property name="java.endorsed.dirs" value="C:\Program Files\Java\jdk1.8.0_351\jre\lib\endorsed"/>
    <property name="java.runtime.name" value="Java(TM) SE Runtime Environment"/>
    <property name="file.encoding" value="GBK"/>
    <property name="java.vm.name" value="Java HotSpot(TM) 64-Bit Server VM"/>
    <property name="localRepository" value="D:\Environment\apache-maven-3.8.6\maven-repo"/>
    <property name="java.vendor.url.bug" value="http://bugreport.sun.com/bugreport/"/>
    <property name="java.io.tmpdir" value="C:\Users\20956\AppData\Local\Temp\"/>
    <property name="idea.version" value="2022.1.4"/>
    <property name="java.version" value="1.8.0_351"/>
    <property name="user.dir" value="D:\myProject\sudoku-threads"/>
    <property name="os.arch" value="amd64"/>
    <property name="java.vm.specification.name" value="Java Virtual Machine Specification"/>
    <property name="java.awt.printerjob" value="sun.awt.windows.WPrinterJob"/>
    <property name="sun.os.patch.level" value=""/>
    <property name="java.library.path" value="C:\Program Files\Java\jdk1.8.0_351\jre\bin;C:\WINDOWS\Sun\Java\bin;C:\WINDOWS\system32;C:\WINDOWS;C:\Windows\system32;C:\Windows;C:\Windows\System32\Wbem;C:\Windows\System32\WindowsPowerShell\v1.0\;C:\Windows\System32\OpenSSH\;C:\Program Files (x86)\NVIDIA Corporation\PhysX\Common;C:\Program Files\NVIDIA Corporation\NVIDIA NvDLISR;C:\WINDOWS\system32;C:\WINDOWS;C:\WINDOWS\System32\Wbem;C:\WINDOWS\System32\WindowsPowerShell\v1.0\;C:\WINDOWS\System32\OpenSSH\;C:\Program Files (x86)\dotnet\;D:\mysql-8.0.31-winx64\bin;D:\Environment\apache-maven-3.8.6\bin;D:\Environment\Git\cmd;D:\Program Files\nodejs\;D:\Program Files\nodejs\node_global;D:\Program Files (x86)\NetSarang\Xshell 7\;D:\Program Files (x86)\NetSarang\Xftp 7\;C:\Program Files\Docker\Docker\resources\bin;D:\Program Files\Bandizip\;D:\图形学\tools\opencv\build\x64\vc16\bin;C:\Program Files\Java\jdk1.8.0_351\bin;C:\Program Files\Java\jdk1.8.0_351\jre\home;C:\Users\20956\AppData\Local\Microsoft\WindowsApps;C:\Users\20956\AppData\Roaming\npm;C:\Program Files\Java\jdk1.8.0_351\bin;;."/>
    <property name="java.vm.info" value="mixed mode"/>
    <property name="java.vendor" value="Oracle Corporation"/>
    <property name="java.vm.version" value="25.351-b10"/>
    <property name="java.specification.maintenance.version" value="4"/>
    <property name="java.ext.dirs" value="C:\Program Files\Java\jdk1.8.0_351\jre\lib\ext;C:\WINDOWS\Sun\Java\lib\ext"/>
    <property name="sun.io.unicode.encoding" value="UnicodeLittle"/>
    <property name="maven.repo.local" value="D:\Environment\apache-maven-3.8.6\maven-repo"/>
    <property name="java.class.version" value="52.0"/>
  </properties>
  <testcase name="contextLoads" classname="com.chen.SudokuThreadsApplicationTests" time="0.197"/>
</testsuite>